<?xml version="1.0" encoding="UTF-8"?>
<!-- Generated by org.testng.reporters.JUnitReportReporter -->
<testsuite hostname="DESKTOP-V8HF4GQ" failures="0" tests="1" name="RestassuredAPI.RestassuredAPI.PostEg" time="2.541" errors="0" timestamp="2024-01-08T17:05:40 IST" skipped="0">
  <testcase classname="RestassuredAPI.RestassuredAPI.PostEg" name="get" time="2.541"/>
  <system-out/>
</testsuite> <!-- RestassuredAPI.RestassuredAPI.PostEg -->
