<?xml version="1.0" encoding="UTF-8"?>
<!-- Generated by org.testng.reporters.JUnitReportReporter -->
<testsuite hostname="DESKTOP-V8HF4GQ" failures="0" tests="3" name="RestassuredAPI.RestassuredAPI.PutPatchDelete" time="5.559" errors="0" timestamp="2024-01-08T17:02:35 IST" skipped="0">
  <testcase classname="RestassuredAPI.RestassuredAPI.PutPatchDelete" name="patch" time="1.411"/>
  <system-out/>
  <testcase classname="RestassuredAPI.RestassuredAPI.PutPatchDelete" name="delete" time="2.534"/>
  <system-out/>
  <testcase classname="RestassuredAPI.RestassuredAPI.PutPatchDelete" name="put" time="1.614"/>
  <system-out/>
</testsuite> <!-- RestassuredAPI.RestassuredAPI.PutPatchDelete -->
