<?xml version="1.0" encoding="UTF-8"?>
<!-- Generated by org.testng.reporters.JUnitReportReporter -->
<testsuite hostname="DESKTOP-V8HF4GQ" failures="0" tests="1" name="RestassuredAPI.RestassuredAPI.Authorization" time="4.733" errors="0" timestamp="2024-02-06T14:03:47 IST" skipped="0">
  <testcase classname="RestassuredAPI.RestassuredAPI.Authorization" name="authorize" time="4.733"/>
  <system-out/>
</testsuite> <!-- RestassuredAPI.RestassuredAPI.Authorization -->
