<?xml version="1.0" encoding="UTF-8"?>
<!-- Generated by org.testng.reporters.JUnitReportReporter -->
<testsuite hostname="DESKTOP-V8HF4GQ" failures="0" tests="1" name="RestassuredAPI.RestassuredAPI.GetRequest" time="1.878" errors="0" timestamp="2023-11-23T14:56:07 IST" skipped="0">
  <testcase classname="RestassuredAPI.RestassuredAPI.GetRequest" name="first" time="1.878"/>
  <system-out/>
</testsuite> <!-- RestassuredAPI.RestassuredAPI.GetRequest -->
