<?xml version="1.0" encoding="UTF-8"?>
<!-- Generated by org.testng.reporters.JUnitReportReporter -->
<testsuite hostname="DESKTOP-V8HF4GQ" failures="0" tests="2" name="RestassuredAPI.RestassuredAPI.DatadrivenRA" time="2.794" errors="0" timestamp="2024-03-20T14:55:56 IST" skipped="0">
  <testcase classname="RestassuredAPI.RestassuredAPI.DatadrivenRA" name="post" time="2.180"/>
  <system-out/>
  <testcase classname="RestassuredAPI.RestassuredAPI.DatadrivenRA" name="post" time="0.614"/>
  <system-out/>
</testsuite> <!-- RestassuredAPI.RestassuredAPI.DatadrivenRA -->
