<?xml version="1.0" encoding="UTF-8"?>
<!-- Generated by org.testng.reporters.JUnitReportReporter -->
<testsuite hostname="DESKTOP-V8HF4GQ" failures="0" tests="1" name="RestassuredAPI.RestassuredAPI.GetRequest1" time="1.999" errors="0" timestamp="2023-12-21T17:14:07 IST" skipped="0">
  <testcase classname="RestassuredAPI.RestassuredAPI.GetRequest1" name="getTest" time="1.999"/>
  <system-out/>
</testsuite> <!-- RestassuredAPI.RestassuredAPI.GetRequest1 -->
