<?xml version="1.0" encoding="UTF-8"?>
<!-- Generated by org.testng.reporters.JUnitReportReporter -->
<testsuite hostname="DESKTOP-V8HF4GQ" failures="0" tests="2" name="RestassuredAPI.RestassuredAPI.API_Get_1" time="3.352" errors="0" timestamp="2024-01-08T17:46:59 IST" skipped="0">
  <testcase classname="RestassuredAPI.RestassuredAPI.API_Get_1" name="testPost" time="0.926"/>
  <system-out/>
  <testcase classname="RestassuredAPI.RestassuredAPI.API_Get_1" name="GetBooksDetails" time="2.426"/>
  <system-out/>
</testsuite> <!-- RestassuredAPI.RestassuredAPI.API_Get_1 -->
