<?xml version="1.0" encoding="UTF-8"?>
<!-- Generated by org.testng.reporters.JUnitReportReporter -->
<testsuite hostname="DESKTOP-V8HF4GQ" failures="0" tests="1" name="RestassuredAPI.RestassuredAPI.GetandPost" time="2.354" errors="0" timestamp="2023-12-04T16:55:15 IST" skipped="0">
  <testcase classname="RestassuredAPI.RestassuredAPI.GetandPost" name="post" time="2.354"/>
  <system-out/>
</testsuite> <!-- RestassuredAPI.RestassuredAPI.GetandPost -->
