<?xml version="1.0" encoding="UTF-8"?>
<!-- Generated by org.testng.reporters.JUnitReportReporter -->
<testsuite hostname="DESKTOP-V8HF4GQ" failures="0" tests="1" name="RestassuredAPI.RestassuredAPI.ParsingXML1" time="1.626" errors="0" timestamp="2024-01-29T13:45:36 IST" skipped="0">
  <testcase classname="RestassuredAPI.RestassuredAPI.ParsingXML1" name="pars" time="1.626"/>
  <system-out/>
</testsuite> <!-- RestassuredAPI.RestassuredAPI.ParsingXML1 -->
