<?xml version="1.0" encoding="UTF-8"?>
<!-- Generated by org.testng.reporters.JUnitReportReporter -->
<testsuite hostname="DESKTOP-V8HF4GQ" failures="0" tests="1" name="RestassuredAPI.RestassuredAPI.HeaderDemo" time="2.020" errors="0" timestamp="2024-01-24T15:47:08 IST" skipped="0">
  <testcase classname="RestassuredAPI.RestassuredAPI.HeaderDemo" name="header" time="2.020"/>
  <system-out/>
</testsuite> <!-- RestassuredAPI.RestassuredAPI.HeaderDemo -->
