<?xml version="1.0" encoding="UTF-8"?>
<!-- Generated by org.testng.reporters.JUnitReportReporter -->
<testsuite hostname="DESKTOP-V8HF4GQ" failures="0" tests="1" name="RestassuredAPI.RestassuredAPI.Cookies" time="2.158" errors="0" timestamp="2024-02-22T12:17:11 IST" skipped="0">
  <testcase classname="RestassuredAPI.RestassuredAPI.Cookies" name="cookies" time="2.158"/>
  <system-out/>
</testsuite> <!-- RestassuredAPI.RestassuredAPI.Cookies -->
